actionid: py36
msg: getenv
cmdargs: [local('/Users/engapa/Projects/BBVA/EuroCloud/git/modeldb-basic/.tox/py36/bin/pip'), 'install', '-U', '-r/Users/engapa/Projects/BBVA/EuroCloud/git/modeldb-basic/requirements.txt', '-r/Users/engapa/Projects/BBVA/EuroCloud/git/modeldb-basic/test-requirements.txt']
env: {'LC_CTYPE': 'UTF-8', 'TERM_PROGRAM_VERSION': '3.1.3', 'LOGNAME': 'engapa', 'USER': 'engapa', 'PATH': '/Users/engapa/Projects/BBVA/EuroCloud/git/modeldb-basic/.tox/py36/bin:/Users/engapa/Downloads/google-cloud-sdk/bin:/usr/local/bin:/usr/bin:/bin:/usr/sbin:/sbin:/usr/local/go/bin:/Users/engapa/openshift-origin-3.6.0', 'HOME': '/Users/engapa', 'MAKEFLAGS': '', 'TERM_PROGRAM': 'iTerm.app', 'LANG': 'en_US.UTF-8', 'TERM': 'linux', 'SHELL': '/bin/bash', 'COLORFGBG': '7;0', 'LANGUAGE': 'en_US:en', 'SHLVL': '2', 'SECURITYSESSIONID': '186a7', 'XPC_FLAGS': '0x0', 'ITERM_SESSION_ID': 'w0t0p2:4C262521-92DF-4513-974D-07D237BCC0E1', 'PYTHONHASHSEED': '1699717454', '_': '/usr/local/bin/tox', 'LDFLAGS': '-L/usr/local/opt/openssl/lib', 'MFLAGS': '', 'TERM_SESSION_ID': 'w0t0p2:4C262521-92DF-4513-974D-07D237BCC0E1', 'SSH_AUTH_SOCK': '/private/tmp/com.apple.launchd.rCdBT7ikl0/Listeners', 'CFLAGS': '-I/usr/local/opt/openssl/include', 'XPC_SERVICE_NAME': '0', 'VIRTUAL_ENV': '/Users/engapa/Projects/BBVA/EuroCloud/git/modeldb-basic/.tox/py36', 'Apple_PubSub_Socket_Render': '/private/tmp/com.apple.launchd.ywwhMM9JlW/Render', 'ITERM_PROFILE': 'Local', 'LC_ALL': 'C', 'TMPDIR': '/var/folders/19/fb4jp32s49ngqp60gczlzl6c0000gn/T/', '__CF_USER_TEXT_ENCODING': '0x1F5:0x0:0x0', 'MAKELEVEL': '1', 'PWD': '/Users/engapa/Projects/BBVA/EuroCloud/git/modeldb-basic', 'COLORTERM': 'truecolor', 'COMMAND_MODE': 'unix2003'}

Collecting thrift (from -r /Users/engapa/Projects/BBVA/EuroCloud/git/modeldb-basic/requirements.txt (line 1))
Collecting pyyaml (from -r /Users/engapa/Projects/BBVA/EuroCloud/git/modeldb-basic/requirements.txt (line 2))
Collecting requests (from -r /Users/engapa/Projects/BBVA/EuroCloud/git/modeldb-basic/requirements.txt (line 3))
  Using cached requests-2.18.4-py2.py3-none-any.whl
Collecting dpath (from -r /Users/engapa/Projects/BBVA/EuroCloud/git/modeldb-basic/requirements.txt (line 4))
Collecting pytest (from -r /Users/engapa/Projects/BBVA/EuroCloud/git/modeldb-basic/test-requirements.txt (line 1))
  Using cached pytest-3.2.3-py2.py3-none-any.whl
Collecting pytest-pep8 (from -r /Users/engapa/Projects/BBVA/EuroCloud/git/modeldb-basic/test-requirements.txt (line 2))
Collecting pytest-cov (from -r /Users/engapa/Projects/BBVA/EuroCloud/git/modeldb-basic/test-requirements.txt (line 3))
  Using cached pytest_cov-2.5.1-py2.py3-none-any.whl
Collecting coverage (from -r /Users/engapa/Projects/BBVA/EuroCloud/git/modeldb-basic/test-requirements.txt (line 4))
  Using cached coverage-4.4.1-cp36-cp36m-macosx_10_10_x86_64.whl
Collecting behave (from -r /Users/engapa/Projects/BBVA/EuroCloud/git/modeldb-basic/test-requirements.txt (line 5))
  Using cached behave-1.2.5-py2.py3-none-any.whl
Collecting six>=1.7.2 (from thrift->-r /Users/engapa/Projects/BBVA/EuroCloud/git/modeldb-basic/requirements.txt (line 1))
  Using cached six-1.11.0-py2.py3-none-any.whl
Collecting certifi>=2017.4.17 (from requests->-r /Users/engapa/Projects/BBVA/EuroCloud/git/modeldb-basic/requirements.txt (line 3))
  Using cached certifi-2017.7.27.1-py2.py3-none-any.whl
Collecting idna<2.7,>=2.5 (from requests->-r /Users/engapa/Projects/BBVA/EuroCloud/git/modeldb-basic/requirements.txt (line 3))
  Using cached idna-2.6-py2.py3-none-any.whl
Collecting urllib3<1.23,>=1.21.1 (from requests->-r /Users/engapa/Projects/BBVA/EuroCloud/git/modeldb-basic/requirements.txt (line 3))
  Using cached urllib3-1.22-py2.py3-none-any.whl
Collecting chardet<3.1.0,>=3.0.2 (from requests->-r /Users/engapa/Projects/BBVA/EuroCloud/git/modeldb-basic/requirements.txt (line 3))
  Using cached chardet-3.0.4-py2.py3-none-any.whl
Collecting py>=1.4.33 (from pytest->-r /Users/engapa/Projects/BBVA/EuroCloud/git/modeldb-basic/test-requirements.txt (line 1))
  Using cached py-1.4.34-py2.py3-none-any.whl
Requirement already up-to-date: setuptools in ./.tox/py36/lib/python3.6/site-packages (from pytest->-r /Users/engapa/Projects/BBVA/EuroCloud/git/modeldb-basic/test-requirements.txt (line 1))
Collecting pytest-cache (from pytest-pep8->-r /Users/engapa/Projects/BBVA/EuroCloud/git/modeldb-basic/test-requirements.txt (line 2))
Collecting pep8>=1.3 (from pytest-pep8->-r /Users/engapa/Projects/BBVA/EuroCloud/git/modeldb-basic/test-requirements.txt (line 2))
  Using cached pep8-1.7.1-py2.py3-none-any.whl
Collecting parse>=1.6.3 (from behave->-r /Users/engapa/Projects/BBVA/EuroCloud/git/modeldb-basic/test-requirements.txt (line 5))
Collecting parse-type>=0.3.4 (from behave->-r /Users/engapa/Projects/BBVA/EuroCloud/git/modeldb-basic/test-requirements.txt (line 5))
  Using cached parse_type-0.4.2-py2.py3-none-any.whl
Collecting execnet>=1.1.dev1 (from pytest-cache->pytest-pep8->-r /Users/engapa/Projects/BBVA/EuroCloud/git/modeldb-basic/test-requirements.txt (line 2))
  Using cached execnet-1.5.0-py2.py3-none-any.whl
Collecting apipkg>=1.4 (from execnet>=1.1.dev1->pytest-cache->pytest-pep8->-r /Users/engapa/Projects/BBVA/EuroCloud/git/modeldb-basic/test-requirements.txt (line 2))
  Using cached apipkg-1.4-py2.py3-none-any.whl
Installing collected packages: six, thrift, pyyaml, certifi, idna, urllib3, chardet, requests, dpath, py, pytest, apipkg, execnet, pytest-cache, pep8, pytest-pep8, coverage, pytest-cov, parse, parse-type, behave
Successfully installed apipkg-1.4 behave-1.2.5 certifi-2017.7.27.1 chardet-3.0.4 coverage-4.4.1 dpath-1.4.0 execnet-1.5.0 idna-2.6 parse-1.8.2 parse-type-0.4.2 pep8-1.7.1 py-1.4.34 pytest-3.2.3 pytest-cache-1.0 pytest-cov-2.5.1 pytest-pep8-1.0.6 pyyaml-3.12 requests-2.18.4 six-1.11.0 thrift-0.10.0 urllib3-1.22
